c:\users\iarle\documents\visual studio 2019\opencvcourses-\opencvcourses-\x64\debug\vc142.pdb
c:\users\iarle\documents\visual studio 2019\opencvcourses-\opencvcourses-\x64\debug\vc142.idb
c:\users\iarle\documents\visual studio 2019\opencvcourses-\opencvcourses-\x64\debug\project2.obj
c:\users\iarle\documents\visual studio 2019\opencvcourses-\opencvcourses-\x64\debug\project1.obj
c:\users\iarle\documents\visual studio 2019\opencvcourses-\opencvcourses-\x64\debug\main.obj
c:\users\iarle\documents\visual studio 2019\opencvcourses-\opencvcourses-\x64\debug\chapter8.obj
c:\users\iarle\documents\visual studio 2019\opencvcourses-\opencvcourses-\x64\debug\chapter7.obj
c:\users\iarle\documents\visual studio 2019\opencvcourses-\opencvcourses-\x64\debug\chapter6.obj
c:\users\iarle\documents\visual studio 2019\opencvcourses-\opencvcourses-\x64\debug\chapter5.obj
c:\users\iarle\documents\visual studio 2019\opencvcourses-\opencvcourses-\x64\debug\chapter4.obj
c:\users\iarle\documents\visual studio 2019\opencvcourses-\opencvcourses-\x64\debug\chapter3.obj
c:\users\iarle\documents\visual studio 2019\opencvcourses-\opencvcourses-\x64\debug\chapter2.obj
c:\users\iarle\documents\visual studio 2019\opencvcourses-\opencvcourses-\x64\debug\chapter1.obj
c:\users\iarle\documents\visual studio 2019\opencvcourses-\x64\debug\opencvcourses-.exe
c:\users\iarle\documents\visual studio 2019\opencvcourses-\x64\debug\opencvcourses-.ilk
c:\users\iarle\documents\visual studio 2019\opencvcourses-\x64\debug\opencvcourses-.pdb
c:\users\iarle\documents\visual studio 2019\opencvcourses-\opencvcourses-\x64\debug\opencvcourses-.tlog\cl.command.1.tlog
c:\users\iarle\documents\visual studio 2019\opencvcourses-\opencvcourses-\x64\debug\opencvcourses-.tlog\cl.read.1.tlog
c:\users\iarle\documents\visual studio 2019\opencvcourses-\opencvcourses-\x64\debug\opencvcourses-.tlog\cl.write.1.tlog
c:\users\iarle\documents\visual studio 2019\opencvcourses-\opencvcourses-\x64\debug\opencvcourses-.tlog\link.command.1.tlog
c:\users\iarle\documents\visual studio 2019\opencvcourses-\opencvcourses-\x64\debug\opencvcourses-.tlog\link.read.1.tlog
c:\users\iarle\documents\visual studio 2019\opencvcourses-\opencvcourses-\x64\debug\opencvcourses-.tlog\link.write.1.tlog
